\BOOKMARK [1][-]{section.1}{\376\377\000g\000o\213\355\212\000\153\173\225\001\166\204\213\250\213\272}{}% 1
\BOOKMARK [1][-]{section.2}{\376\377\123\321\220\001\155\210\140\157\155\101\172\013\213\276\213\241}{}% 2
\BOOKMARK [2][-]{subsection.2.1}{\376\377\155\101\172\013\126\376}{section.2}% 3
\BOOKMARK [2][-]{subsection.2.2}{\376\377\137\025\121\145\116\206\000r\000e\000d\000i\000s\124\214\116\015\137\025\121\145\000r\000e\000d\000i\000s\166\204\133\371\153\324}{section.2}% 4
\BOOKMARK [2][-]{subsection.2.3}{\376\377\117\177\165\050\000t\000c\000p\166\204\145\110\163\207}{section.2}% 5
\BOOKMARK [2][-]{subsection.2.4}{\376\377\117\177\165\050\000u\000d\000p\166\204\145\110\163\207}{section.2}% 6
\BOOKMARK [2][-]{subsection.2.5}{\376\377\117\177\165\050\000Q\000U\000I\000C\166\204\145\110\163\207}{section.2}% 7
\BOOKMARK [1][-]{section.3}{\376\377\134\006\000h\000t\000t\000p\123\117\213\256\123\107\176\247\116\072\000w\000e\000b\000s\000o\000c\000k\000e\000t\123\117\213\256}{}% 8
\BOOKMARK [1][-]{section.4}{\376\377\123\321\220\001\155\210\140\157\166\204\213\276\213\241\124\214\133\236\163\260}{}% 9
\BOOKMARK [1][-]{section.5}{\376\377\000r\000e\000d\000i\000s\166\204\137\025\121\145}{}% 10
\BOOKMARK [2][-]{subsection.5.1}{\376\377\137\025\121\145\000r\000e\000d\000i\000s\124\214\116\015\137\025\121\145\000r\000e\000d\000i\000s\166\204\133\371\153\324}{section.5}% 11
\BOOKMARK [1][-]{section.6}{\376\377\000t\000o\000k\000e\000n\166\204\137\025\121\145}{}% 12
\BOOKMARK [1][-]{section.7}{\376\377\220\256\173\261\124\214\142\113\147\072\123\367\166\204\150\041\232\214}{}% 13
\BOOKMARK [1][-]{section.8}{\376\377\117\177\165\050\000m\000d\0005\217\333\210\114\133\306\170\001\122\240\133\306}{}% 14
\BOOKMARK [1][-]{section.9}{\376\377\133\236\163\260\122\006\136\003\137\017\125\057\116\000\121\150\134\100\000I\000D\000\050\226\352\202\261\173\227\154\325\000\051}{}% 15
\BOOKMARK [1][-]{section.10}{\376\377\000p\000a\000n\000i\000c\137\002\136\070\131\004\164\006\124\214\145\160\143\156\136\223\145\340\154\325\217\336\143\245\166\204\225\356\230\230\166\204\211\343\121\263}{}% 16
\BOOKMARK [1][-]{section.11}{\376\377\000g\000o\000l\000a\000n\000g\122\006\134\102\147\266\147\204}{}% 17
\BOOKMARK [1][-]{section.12}{\376\377\143\322\121\145\145\160\143\156\155\113\213\325}{}% 18
\BOOKMARK [1][-]{section.13}{\376\377\000g\000o\000l\000a\000n\000g\153\324\217\203\176\323\147\204\117\123\166\204\124\004\116\052\120\074\146\057\124\046\166\370\173\111}{}% 19
\BOOKMARK [1][-]{section.14}{\376\377\000s\000w\000a\000g\000g\000e\000r}{}% 20
\BOOKMARK [2][-]{subsection.14.1}{\376\377\225\356\230\230\200\314\146\157}{section.14}% 21
\BOOKMARK [2][-]{subsection.14.2}{\376\377\116\072\116\206\211\343\121\263\116\300\116\110\225\356\230\230}{section.14}% 22
\BOOKMARK [2][-]{subsection.14.3}{\376\377\116\015\124\014\166\204\000P\000a\000r\000a\000m\000e\000t\000e\000r\000\040\000T\000y\000p\000e\000s\166\204\123\072\122\053}{section.14}% 23
\BOOKMARK [1][-]{section.15}{\376\377\000H\000T\000T\000P\162\266\140\001\170\001\124\214\000s\000w\000a\000g\000g\000e\000r}{}% 24
\BOOKMARK [1][-]{section.16}{\376\377\146\364\145\260\165\050\142\067\152\041\127\127\155\113\213\325}{}% 25
